<?xml version="1.0" encoding="UTF-8"?>
<!-- Generated by org.testng.reporters.JUnitXMLReporter -->
<testsuite hostname="MKG-JAGGU" failures="0" tests="3" name="Test" time="89.317" errors="0" timestamp="11 Jun 2020 21:55:22 GMT">
  <testcase classname="cucumberoptions.testrunner" name="feature" time="31.073"/>
  <testcase classname="cucumberoptions.testrunner" name="feature" time="31.104"/>
  <testcase classname="cucumberoptions.testrunner" name="feature" time="23.811"/>
</testsuite> <!-- Test -->
