<?xml version="1.0" encoding="UTF-8"?>
<testsuite xmlns:xsi="http://www.w3.org/2001/XMLSchema-instance" xsi:noNamespaceSchemaLocation="https://maven.apache.org/surefire/maven-surefire-plugin/xsd/surefire-test-report.xsd" name="TestSuite" time="93.435" tests="3" errors="0" skipped="0" failures="0">
  <properties>
[...]
</properties>
  <testcase name="feature" classname="cucumberoptions.testrunner" time="31.124"/>
  <testcase name="feature" classname="cucumberoptions.testrunner" time="31.052"/>
  <testcase name="feature" classname="cucumberoptions.testrunner" time="23.812"/>
</testsuite>