<?xml version="1.0" encoding="UTF-8"?>
<testng-results total="3" passed="3" failed="0" skipped="0">
  <reporter-output>
  </reporter-output>
  <suite started-at="2020-06-11T21:53:53Z" name="Suite" finished-at="2020-06-11T21:55:22Z" duration-ms="89317">
    <groups>
      <group name="cucumber">
        <method signature="AbstractTestNGCucumberTests.feature(cucumber.api.testng.CucumberFeatureWrapper)[pri:0, instance:cucumberoptions.testrunner@64e7619d]" name="feature" class="cucumber.api.testng.AbstractTestNGCucumberTests"/>
      </group> <!-- cucumber -->
    </groups>
    <test started-at="2020-06-11T21:53:53Z" name="Test" finished-at="2020-06-11T21:55:22Z" duration-ms="89317">
      <class name="cucumberoptions.testrunner">
        <test-method is-config="true" signature="setUpClass()[pri:0, instance:cucumberoptions.testrunner@64e7619d]" started-at="2020-06-12T03:23:53Z" name="setUpClass" finished-at="2020-06-12T03:23:53Z" duration-ms="643" status="PASS">
          <reporter-output>
          </reporter-output>
        </test-method> <!-- setUpClass -->
        <test-method signature="feature(cucumber.api.testng.CucumberFeatureWrapper)[pri:0, instance:cucumberoptions.testrunner@64e7619d]" started-at="2020-06-12T03:23:54Z" name="feature" description="Runs Cucumber Feature" data-provider="features" finished-at="2020-06-12T03:24:25Z" duration-ms="31073" status="PASS">
          <params>
            <param index="0">
              <value>
                <![CDATA[Homepage Test cases]]>
              </value>
            </param>
          </params>
          <reporter-output>
          </reporter-output>
        </test-method> <!-- feature -->
        <test-method signature="feature(cucumber.api.testng.CucumberFeatureWrapper)[pri:0, instance:cucumberoptions.testrunner@64e7619d]" started-at="2020-06-12T03:24:25Z" name="feature" description="Runs Cucumber Feature" data-provider="features" finished-at="2020-06-12T03:24:56Z" duration-ms="31104" status="PASS">
          <params>
            <param index="0">
              <value>
                <![CDATA[iphonelandingpage Test cases]]>
              </value>
            </param>
          </params>
          <reporter-output>
          </reporter-output>
        </test-method> <!-- feature -->
        <test-method signature="feature(cucumber.api.testng.CucumberFeatureWrapper)[pri:0, instance:cucumberoptions.testrunner@64e7619d]" started-at="2020-06-12T03:24:56Z" name="feature" description="Runs Cucumber Feature" data-provider="features" finished-at="2020-06-12T03:25:20Z" duration-ms="23811" status="PASS">
          <params>
            <param index="0">
              <value>
                <![CDATA[iphonelandingpage Test cases]]>
              </value>
            </param>
          </params>
          <reporter-output>
          </reporter-output>
        </test-method> <!-- feature -->
        <test-method is-config="true" signature="writeExtentReport()[pri:0, instance:cucumberoptions.testrunner@64e7619d]" started-at="2020-06-12T03:25:20Z" name="writeExtentReport" finished-at="2020-06-12T03:25:20Z" duration-ms="290" status="PASS">
          <reporter-output>
          </reporter-output>
        </test-method> <!-- writeExtentReport -->
        <test-method is-config="true" signature="tearDownClass()[pri:0, instance:cucumberoptions.testrunner@64e7619d]" started-at="2020-06-12T03:25:20Z" name="tearDownClass" finished-at="2020-06-12T03:25:22Z" duration-ms="2223" status="PASS">
          <reporter-output>
          </reporter-output>
        </test-method> <!-- tearDownClass -->
      </class> <!-- cucumberoptions.testrunner -->
    </test> <!-- Test -->
  </suite> <!-- Suite -->
</testng-results>
